<?xml version="1.0" encoding="UTF-8"?>
<!-- Generated by org.testng.reporters.JUnitReportReporter -->
<testsuite skipped="0" hostname="INBLRWIT2971S" name="TestCases.closeTest" tests="1" failures="0" timestamp="12 Apr 2020 09:28:36 GMT" time="0.011" errors="0">
  <testcase name="login" time="0.011" classname="TestCases.closeTest"/>
</testsuite> <!-- TestCases.closeTest -->
