<?xml version="1.0" encoding="UTF-8"?>
<!-- Generated by org.testng.reporters.JUnitReportReporter -->
<testsuite skipped="0" hostname="INBLRWIT2971S" name="TestCases.Seleniumtest" tests="1" failures="0" timestamp="12 Apr 2020 09:15:12 GMT" time="0.011" errors="0">
  <testcase name="login" time="0.011" classname="TestCases.Seleniumtest"/>
</testsuite> <!-- TestCases.Seleniumtest -->
