<?xml version="1.0" encoding="UTF-8"?>
<!-- Generated by org.testng.reporters.JUnitReportReporter -->
<testsuite skipped="0" hostname="INBLRWIT2971S" name="TestCases.SeleniumTest" tests="1" failures="0" timestamp="12 Apr 2020 13:14:11 GMT" time="0.000" errors="0">
  <testcase name="login" time="0.000" classname="TestCases.SeleniumTest"/>
</testsuite> <!-- TestCases.SeleniumTest -->
